1 and 2 psum 7
Testing 4 1 2
Testing 1 1 5
Fail to B
1 and 2 psum 8
Testing 5 1 2
Fail to B
Testing 1 1 6
Fail to B
1 and 2 psum 7
Testing 4 1 2
Testing 1 1 5
Fail to B
1 and 2 psum 8
Testing 5 1 2
Fail to B
Testing 1 1 6
Fail to B
2 and 3 psum 9
Testing 4 2 3
Fail to B
Testing 1 2 6
Fail to B
1 and 2 psum 7
Testing 4 1 2
Testing 1 1 5
Fail to B
1 and 2 psum 8
Testing 5 1 2
Fail to B
Testing 1 1 6
Fail to B
2 and 3 psum 9
Testing 4 2 3
Fail to B
Testing 1 2 6
Fail to B
3 and 4 psum 10
Testing 3 3 4
Fail to B
Testing 1 3 6
Fail to B
2 and 3 psum 9
Testing 4 2 3
Fail to B
Testing 1 2 6
Fail to B
3 and 4 psum 10
Testing 3 3 4
Fail to B
Testing 1 3 6
Fail to B
4 and 5 psum 11
Testing 2 4 5
Fail to B
Testing 1 4 6
Fail to B
4 and 5 psum 11
Testing 2 4 5
Fail to B
Testing 1 4 6
Fail to B
5 and 6 psum 12
Testing 1 5 6
Fail to B
Testing 1 5 6
Fail to B
6 and 7 psum 13
Testing 0 6 7
Fail to A
Testing 1 6 6
Fail to B
1 and 2 psum 7
Testing 4 1 2
Testing 1 1 5
Fail to B
Testing 1 2 3
Fail to B
Testing 2 3 4
Fail to B
Ans: 1
1 and 2 psum 9
Testing 6 1 2
Fail to B
Testing 1 1 7
Fail to B
3 and 4 psum 11
Testing 4 3 4
Fail to B
Testing 1 3 7
Fail to B
4 and 5 psum 12
Testing 3 4 5
Testing 1 4 7
4 and 5 psum 12
Testing 3 4 5
Testing 1 4 7
5 and 6 psum 13
Testing 2 5 6
Fail to B
Testing 1 5 7
Fail to B
7 and 8 psum 15
Testing 0 7 8
Fail to A
Testing 1 7 7
Fail to B
1 and 3 psum 8
Testing 4 1 3
Testing 2 1 5
Fail to B
Testing 4 5 7
Fail to B
Testing 5 7 8
Fail to B
Ans: 3
2 and 4 psum 9
Testing 3 2 4
Testing 2 2 5
2 and 4 psum 11
Testing 5 2 4
Testing 2 2 7
Fail to B
4 and 6 psum 13
Testing 3 4 6
Fail to B
Testing 2 4 7
Fail to B
3 and 5 psum 12
Testing 4 3 5
Testing 2 3 7
Fail to B
5 and 7 psum 14
Testing 2 5 7
Fail to B
Testing 2 5 7
Fail to B
7 and 9 psum 16
Testing 0 7 9
Fail to A
Testing 2 7 7
Fail to B
2 and 4 psum 9
Testing 3 2 4
Testing 2 2 5
Testing 4 5 7
Testing 5 7 9
Fail to B
Ans: 5
1 and 4 psum 11
Testing 6 1 4
Testing 3 1 7
Fail to B
4 and 7 psum 14
Testing 3 4 7
Fail to B
Testing 3 4 7
Fail to B
2 and 5 psum 12
Testing 5 2 5
Fail to B
Testing 3 2 7
Fail to B
5 and 8 psum 15
Testing 2 5 8
Fail to B
Testing 3 5 7
Fail to B
7 and 10 psum 17
Testing 0 7 10
Fail to A
Testing 3 7 7
Fail to B
3 and 5 psum 10
Testing 2 3 5
Fail to B
Testing 2 3 5
Fail to B
Testing 4 5 7
Fail to B
Testing 5 7 10
Fail to B
Ans: 1
4 and 6 psum 11
Testing 1 4 6
Testing 2 4 5
4 and 8 psum 15
Testing 3 4 8
Fail to B
Testing 4 4 7
Fail to B
1 and 5 psum 12
Testing 6 1 5
Fail to B
Testing 4 1 7
5 and 9 psum 16
Testing 2 5 9
Fail to B
Testing 4 5 7
7 and 11 psum 18
Testing 0 7 11
Fail to A
Testing 4 7 7
Fail to B
4 and 6 psum 11
Testing 1 4 6
Testing 2 4 5
Testing 4 5 7
Testing 5 7 11
Fail to B
Ans: 4
4 and 9 psum 16
Testing 3 4 9
Fail to B
Testing 5 4 7
5 and 7 psum 12
Testing 0 5 7
Fail to A
Testing 2 5 5
Fail to B
5 and 10 psum 17
Testing 2 5 10
Fail to B
Testing 5 5 7
Fail to B
7 and 12 psum 19
Testing 0 7 12
Fail to A
Testing 5 7 7
Fail to B
5 and 7 psum 12
Testing 0 5 7
Fail to A
Testing 2 5 5
Fail to B
Testing 4 5 7
Testing 5 7 12
Fail to B
Ans: 2
4 and 10 psum 17
Testing 3 4 10
Fail to B
Testing 6 4 7
Fail to B
5 and 11 psum 18
Testing 2 5 11
Fail to B
Testing 6 5 7
Fail to B
7 and 13 psum 20
Testing 0 7 13
Fail to A
Testing 6 7 7
Fail to B
6 and 8 psum 13
Testing -1 6 8
Fail to A
Testing 2 6 5
Fail to B
Testing 4 5 7
Fail to B
Testing 5 7 13
Fail to B
Ans: 0
4 and 11 psum 18
Testing 3 4 11
Fail to B
Testing 7 4 7
Fail to B
5 and 12 psum 19
Testing 2 5 12
Fail to B
Testing 7 5 7
Fail to B
7 and 14 psum 21
Testing 0 7 14
Fail to A
Testing 7 7 7
Fail to B
7 and 9 psum 14
Testing -2 7 9
Fail to A
Testing 2 7 5
Fail to B
Testing 4 5 7
Fail to B
Testing 5 7 14
Fail to B
Ans: 0
4 and 12 psum 19
Testing 3 4 12
Fail to B
Testing 8 4 7
Fail to B
5 and 13 psum 20
Testing 2 5 13
Fail to B
Testing 8 5 7
Fail to B
7 and 15 psum 22
Testing 0 7 15
Fail to A
Testing 8 7 7
Fail to B
8 and 10 psum 15
Testing -3 8 10
Fail to A
Testing 2 8 5
Fail to B
Testing 4 5 7
Fail to B
Testing 5 7 15
Fail to B
Ans: 0
4 and 13 psum 20
Testing 3 4 13
Fail to B
Testing 9 4 7
Fail to B
5 and 14 psum 21
Testing 2 5 14
Fail to B
Testing 9 5 7
Fail to B
7 and 16 psum 23
Testing 0 7 16
Fail to A
Testing 9 7 7
Fail to B
9 and 11 psum 16
Testing -4 9 11
Fail to A
Testing 2 9 5
Fail to B
Testing 4 5 7
Testing 5 7 16
Fail to B
Ans: 1
