-1
-1
-1
-1
-1
-1
19
15
-1
-1
-1
7
-1
23
-1
19
21
17
17
-1
31
-1
15
9
-1
-1
21
-1
-1
-1
19
-1
-1
23
29
-1
-1
-1
11
23
35
21
-1
-1
15
13
15
27
17
19
-1
21
-1
9
25
-1
-1
-1
-1
15
23
-1
17
-1
15
-1
23
-1
19
17
19
-1
-1
17
17
-1
27
-1
-1
-1
-1
25
11
15
-1
15
15
21
-1
17
-1
-1
21
-1
-1
15
-1
-1
3
-1
-1
13
17
-1
-1
-1
-1
-1
-1
-1
7
9
17
-1
-1
23
19
-1
15
25
-1
-1
21
-1
-1
-1
15
17
-1
-1
-1
19
13
17
-1
13
23
19
-1
17
-1
17
-1
-1
19
21
15
-1
15
9
-1
-1
21
17
-1
35
-1
-1
-1
29
-1
29
-1
15
15
31
-1
-1
15
19
-1
-1
23
-1
21
9
17
-1
-1
-1
23
-1
19
-1
13
-1
15
-1
-1
-1
37
17
11
-1
17
-1
15
21
-1
25
15
25
-1
-1
-1
-1
21
-1
25
7
-1
-1
31
25
21
-1
-1
21
11
-1
-1
31
17
-1
-1
-1
21
17
13
13
-1
-1
-1
21
-1
19
-1
-1
-1
21
17
-1
-1
-1
-1
-1
27
19
29
15
13
19
9
-1
33
23
-1
-1
-1
-1
-1
-1
-1
-1
-1
15
17
15
-1
17
17
17
-1
31
17
-1
27
15
-1
-1
17
-1
-1
-1
-1
-1
19
-1
-1
-1
-1
15
-1
13
23
31
-1
-1
-1
-1
25
-1
23
23
9
29
17
33
17
-1
-1
-1
33
21
-1
-1
31
-1
13
-1
19
11
-1
-1
-1
13
-1
29
25
-1
-1
19
-1
17
9
9
21
-1
-1
-1
-1
-1
-1
-1
-1
-1
-1
15
-1
15
-1
19
19
-1
-1
17
-1
-1
-1
-1
-1
-1
-1
-1
-1
-1
-1
9
-1
1
27
15
-1
-1
19
13
-1
-1
-1
-1
35
15
-1
-1
-1
15
-1
19
13
15
-1
-1
25
-1
-1
-1
13
-1
-1
33
-1
-1
23
-1
13
19
-1
25
-1
-1
-1
15
-1
-1
7
-1
15
19
27
-1
17
-1
-1
-1
29
-1
-1
-1
17
-1
29
17
-1
-1
-1
17
19
13
-1
-1
17
11
17
-1
-1
-1
-1
-1
15
-1
25
-1
-1
-1
15
-1
-1
-1
17
21
-1
21
-1
-1
19
-1
-1
29
9
-1
-1
-1
19
-1
-1
15
-1
-1
15
-1
25
25
-1
11
-1
-1
23
-1
5
-1
-1
11
-1
25
-1
-1
17
13
17
-1
-1
27
23
13
-1
-1
-1
-1
13
-1
-1
21
-1
21
17
-1
19
17
-1
-1
-1
29
-1
-1
-1
15
-1
-1
-1
27
-1
-1
-1
-1
17
-1
9
31
-1
-1
23
19
17
31
-1
19
-1
17
-1
15
35
39
-1
19
23
25
-1
-1
11
35
17
23
-1
23
21
-1
-1
21
-1
13
25
11
-1
-1
27
21
31
-1
-1
31
-1
23
-1
5
-1
21
-1
-1
-1
23
15
-1
-1
-1
-1
-1
-1
-1
-1
-1
-1
-1
-1
-1
-1
-1
-1
-1
-1
13
33
15
-1
-1
-1
-1
-1
-1
17
21
17
33
17
15
-1
-1
-1
-1
9
13
5
29
-1
17
-1
-1
-1
25
25
17
-1
-1
21
15
25
15
-1
15
-1
-1
-1
31
-1
27
19
-1
-1
-1
-1
19
-1
-1
17
-1
13
-1
21
-1
17
-1
27
-1
-1
13
-1
-1
-1
-1
19
17
-1
9
15
17
-1
-1
-1
-1
17
15
-1
9
17
-1
19
15
-1
33
-1
-1
17
-1
-1
27
-1
21
-1
19
15
37
19
15
25
11
-1
-1
25
13
-1
-1
-1
-1
-1
-1
7
-1
27
25
23
-1
21
15
17
-1
-1
11
13
19
19
-1
21
-1
7
-1
13
15
-1
21
-1
11
-1
11
-1
-1
-1
-1
11
15
23
-1
17
-1
21
17
-1
9
33
13
-1
15
17
-1
-1
17
21
-1
-1
-1
-1
-1
17
-1
-1
-1
19
-1
-1
-1
19
31
-1
15
-1
19
31
31
-1
33
31
-1
-1
-1
23
17
-1
-1
-1
19
-1
35
17
-1
23
31
-1
-1
21
15
-1
19
31
-1
-1
-1
29
11
-1
-1
-1
15
15
-1
-1
9
-1
13
31
-1
-1
-1
35
-1
15
-1
-1
25
-1
33
-1
11
23
-1
-1
-1
-1
25
31
-1
-1
17
-1
-1
17
-1
-1
17
-1
-1
21
11
13
-1
25
-1
-1
-1
15
25
-1
-1
7
-1
-1
-1
23
33
17
-1
31
17
-1
-1
-1
15
9
17
25
23
11
11
-1
-1
-1
-1
25
-1
-1
-1
37
-1
-1
-1
13
33
-1
23
-1
-1
17
17
-1
17
-1
-1
-1
15
35
-1
29
-1
19
-1
27
-1
23
23
-1
13
-1
15
19
-1
17
33
15
13
7
-1
-1
-1
-1
19
-1
-1
-1
-1
19
19
21
29
-1
31
-1
-1
23
-1
-1
-1
-1
25
-1
25
-1
-1
-1
13
21
15
-1
-1
15
17
-1
-1
21
-1
-1
11
-1
27
15
-1
11
29
21
17
19
-1
17
13
